{"content": {"suites": {"0": {"status": {"total_pass": 0, "total_skip": 0, "total_xpass": 0, "total_xfail": 0, "total_rerun": 0, "total_fail": 3, "total_error": 0}, "tests": {"0": {"status": "FAIL", "message": "   selenium.common.exceptions.InvalidSelectorException: Message: invalid selector: Unable to locate an element with the xpath expression //[@class='contains(.,'Username atau password yang anda masukan salah')] because of the following error:\n   SyntaxError: Failed to execute 'evaluate' on 'Document': The string '//[@class='contains(.,'Username atau password yang anda masukan salah')]' is not a valid XPath expression.\n     (Session info: chrome=104.0.5112.102)\n   Stacktrace:\n   Backtrace:\n   \tOrdinal0 [0x009378B3+2193587]\n   \tOrdinal0 [0x008D0681+1771137]\n   \tOrdinal0 [0x007E41A8+803240]\n   \tOrdinal0 [0x007E6BB4+814004]\n   \tOrdinal0 [0x007E6A72+813682]\n   \tOrdinal0 [0x007E6D00+814336]\n   \tOrdinal0 [0x008121B5+991669]\n   \tOrdinal0 [0x0081273B+993083]\n   \tOrdinal0 [0x0083F7C2+1177538]\n   \tOrdinal0 [0x0082D7F4+1103860]\n   \tOrdinal0 [0x0083DAE2+1170146]\n   \tOrdinal0 [0x0082D5C6+1103302]\n   \tOrdinal0 [0x008077E0+948192]\n   \tOrdinal0 [0x008086E6+952038]\n   \tGetHandleVerifier [0x00BE0CB2+2738370]\n   \tGetHandleVerifier [0x00BD21B8+2678216]\n   \tGetHandleVerifier [0x009C17AA+512954]\n   \tGetHandleVerifier [0x009C0856+509030]\n   \tOrdinal0 [0x008D743B+1799227]\n   \tOrdinal0 [0x008DBB68+1817448]\n   \tOrdinal0 [0x008DBC55+1817685]\n   \tOrdinal0 [0x008E5230+1856048]\n   \tBaseThreadInitThunk [0x76F7FA29+25]\n   \tRtlGetAppContainerNamedObjectPath [0x77667A9E+286]\n   \tRtlGetAppContainerNamedObjectPath [0x77667A6E+238]\n", "test_name": "test_login[asdfg-asdfg0]", "rerun": "0"}, "1": {"status": "FAIL", "message": "   selenium.common.exceptions.InvalidSelectorException: Message: invalid selector: Unable to locate an element with the xpath expression //[@class='contains(.,'Username atau password yang anda masukan salah')] because of the following error:\n   SyntaxError: Failed to execute 'evaluate' on 'Document': The string '//[@class='contains(.,'Username atau password yang anda masukan salah')]' is not a valid XPath expression.\n     (Session info: chrome=104.0.5112.102)\n   Stacktrace:\n   Backtrace:\n   \tOrdinal0 [0x009378B3+2193587]\n   \tOrdinal0 [0x008D0681+1771137]\n   \tOrdinal0 [0x007E41A8+803240]\n   \tOrdinal0 [0x007E6BB4+814004]\n   \tOrdinal0 [0x007E6A72+813682]\n   \tOrdinal0 [0x007E6D00+814336]\n   \tOrdinal0 [0x008121B5+991669]\n   \tOrdinal0 [0x0081273B+993083]\n   \tOrdinal0 [0x0083F7C2+1177538]\n   \tOrdinal0 [0x0082D7F4+1103860]\n   \tOrdinal0 [0x0083DAE2+1170146]\n   \tOrdinal0 [0x0082D5C6+1103302]\n   \tOrdinal0 [0x008077E0+948192]\n   \tOrdinal0 [0x008086E6+952038]\n   \tGetHandleVerifier [0x00BE0CB2+2738370]\n   \tGetHandleVerifier [0x00BD21B8+2678216]\n   \tGetHandleVerifier [0x009C17AA+512954]\n   \tGetHandleVerifier [0x009C0856+509030]\n   \tOrdinal0 [0x008D743B+1799227]\n   \tOrdinal0 [0x008DBB68+1817448]\n   \tOrdinal0 [0x008DBC55+1817685]\n   \tOrdinal0 [0x008E5230+1856048]\n   \tBaseThreadInitThunk [0x76F7FA29+25]\n   \tRtlGetAppContainerNamedObjectPath [0x77667A9E+286]\n   \tRtlGetAppContainerNamedObjectPath [0x77667A6E+238]\n", "test_name": "test_login[asdfg-asdfg1]", "rerun": "0"}, "2": {"status": "FAIL", "message": "   selenium.common.exceptions.InvalidSelectorException: Message: invalid selector: Unable to locate an element with the xpath expression //[@class='contains(.,'Username atau password yang anda masukan salah')] because of the following error:\n   SyntaxError: Failed to execute 'evaluate' on 'Document': The string '//[@class='contains(.,'Username atau password yang anda masukan salah')]' is not a valid XPath expression.\n     (Session info: chrome=104.0.5112.102)\n   Stacktrace:\n   Backtrace:\n   \tOrdinal0 [0x009378B3+2193587]\n   \tOrdinal0 [0x008D0681+1771137]\n   \tOrdinal0 [0x007E41A8+803240]\n   \tOrdinal0 [0x007E6BB4+814004]\n   \tOrdinal0 [0x007E6A72+813682]\n   \tOrdinal0 [0x007E6D00+814336]\n   \tOrdinal0 [0x008121B5+991669]\n   \tOrdinal0 [0x0081273B+993083]\n   \tOrdinal0 [0x0083F7C2+1177538]\n   \tOrdinal0 [0x0082D7F4+1103860]\n   \tOrdinal0 [0x0083DAE2+1170146]\n   \tOrdinal0 [0x0082D5C6+1103302]\n   \tOrdinal0 [0x008077E0+948192]\n   \tOrdinal0 [0x008086E6+952038]\n   \tGetHandleVerifier [0x00BE0CB2+2738370]\n   \tGetHandleVerifier [0x00BD21B8+2678216]\n   \tGetHandleVerifier [0x009C17AA+512954]\n   \tGetHandleVerifier [0x009C0856+509030]\n   \tOrdinal0 [0x008D743B+1799227]\n   \tOrdinal0 [0x008DBB68+1817448]\n   \tOrdinal0 [0x008DBC55+1817685]\n   \tOrdinal0 [0x008E5230+1856048]\n   \tBaseThreadInitThunk [0x76F7FA29+25]\n   \tRtlGetAppContainerNamedObjectPath [0x77667A9E+286]\n   \tRtlGetAppContainerNamedObjectPath [0x77667A6E+238]\n", "test_name": "test_login[asdfg-asdfg2]", "rerun": "0"}}, "suite_name": "test_wulan1.py"}}}, "date": "August 27, 2022", "start_time": 1661611386.6165812, "total_suite": 1, "status": "FAIL", "status_list": {"pass": "0", "fail": "3", "skip": "0", "error": "0", "xpass": "0", "xfail": "0", "rerun": "0"}, "total_tests": "3"}