{"content": {"suites": {"0": {"status": {"total_pass": 0, "total_skip": 0, "total_xpass": 0, "total_xfail": 0, "total_rerun": 0, "total_fail": 3, "total_error": 0}, "tests": {"0": {"status": "FAIL", "message": "   selenium.common.exceptions.WebDriverException: Message: chrome not reachable\n     (Session info: chrome=104.0.5112.102)\n   Stacktrace:\n   Backtrace:\n   \tOrdinal0 [0x00F478B3+2193587]\n   \tOrdinal0 [0x00EE0681+1771137]\n   \tOrdinal0 [0x00DF4070+802928]\n   \tOrdinal0 [0x00DE9AB2+760498]\n   \tOrdinal0 [0x00DDCEAF+708271]\n   \tOrdinal0 [0x00DE1142+725314]\n   \tOrdinal0 [0x00DE55C9+742857]\n   \tOrdinal0 [0x00DF5500+808192]\n   \tOrdinal0 [0x00E4D2C2+1168066]\n   \tOrdinal0 [0x00E3D5C6+1103302]\n   \tOrdinal0 [0x00E177E0+948192]\n   \tOrdinal0 [0x00E186E6+952038]\n   \tGetHandleVerifier [0x011F0CB2+2738370]\n   \tGetHandleVerifier [0x011E21B8+2678216]\n   \tGetHandleVerifier [0x00FD17AA+512954]\n   \tGetHandleVerifier [0x00FD0856+509030]\n   \tOrdinal0 [0x00EE743B+1799227]\n   \tOrdinal0 [0x00EEBB68+1817448]\n   \tOrdinal0 [0x00EEBC55+1817685]\n   \tOrdinal0 [0x00EF5230+1856048]\n   \tBaseThreadInitThunk [0x76F7FA29+25]\n   \tRtlGetAppContainerNamedObjectPath [0x77667A9E+286]\n   \tRtlGetAppContainerNamedObjectPath [0x77667A6E+238]\n", "test_name": "test_login", "rerun": "0"}, "1": {"status": "FAIL", "message": "   selenium.common.exceptions.WebDriverException: Message: chrome not reachable\n     (Session info: chrome=104.0.5112.102)\n   Stacktrace:\n   Backtrace:\n   \tOrdinal0 [0x00F478B3+2193587]\n   \tOrdinal0 [0x00EE0681+1771137]\n   \tOrdinal0 [0x00DF4070+802928]\n   \tOrdinal0 [0x00DE9AB2+760498]\n   \tOrdinal0 [0x00DDCEAF+708271]\n   \tOrdinal0 [0x00DE1142+725314]\n   \tOrdinal0 [0x00DE55C9+742857]\n   \tOrdinal0 [0x00DF5500+808192]\n   \tOrdinal0 [0x00E4D2C2+1168066]\n   \tOrdinal0 [0x00E3D5C6+1103302]\n   \tOrdinal0 [0x00E177E0+948192]\n   \tOrdinal0 [0x00E186E6+952038]\n   \tGetHandleVerifier [0x011F0CB2+2738370]\n   \tGetHandleVerifier [0x011E21B8+2678216]\n   \tGetHandleVerifier [0x00FD17AA+512954]\n   \tGetHandleVerifier [0x00FD0856+509030]\n   \tOrdinal0 [0x00EE743B+1799227]\n   \tOrdinal0 [0x00EEBB68+1817448]\n   \tOrdinal0 [0x00EEBC55+1817685]\n   \tOrdinal0 [0x00EF5230+1856048]\n   \tBaseThreadInitThunk [0x76F7FA29+25]\n   \tRtlGetAppContainerNamedObjectPath [0x77667A9E+286]\n   \tRtlGetAppContainerNamedObjectPath [0x77667A6E+238]\n", "test_name": "test_submenubbm", "rerun": "0"}, "2": {"status": "FAIL", "message": "   selenium.common.exceptions.WebDriverException: Message: chrome not reachable\n     (Session info: chrome=104.0.5112.102)\n   Stacktrace:\n   Backtrace:\n   \tOrdinal0 [0x00F478B3+2193587]\n   \tOrdinal0 [0x00EE0681+1771137]\n   \tOrdinal0 [0x00DF4070+802928]\n   \tOrdinal0 [0x00DE9AB2+760498]\n   \tOrdinal0 [0x00DDC440+705600]\n   \tOrdinal0 [0x00E43BC0+1129408]\n   \tOrdinal0 [0x00E3D773+1103731]\n   \tOrdinal0 [0x00E177E0+948192]\n   \tOrdinal0 [0x00E186E6+952038]\n   \tGetHandleVerifier [0x011F0CB2+2738370]\n   \tGetHandleVerifier [0x011E21B8+2678216]\n   \tGetHandleVerifier [0x00FD17AA+512954]\n   \tGetHandleVerifier [0x00FD0856+509030]\n   \tOrdinal0 [0x00EE743B+1799227]\n   \tOrdinal0 [0x00EEBB68+1817448]\n   \tOrdinal0 [0x00EEBC55+1817685]\n   \tOrdinal0 [0x00EF5230+1856048]\n   \tBaseThreadInitThunk [0x76F7FA29+25]\n   \tRtlGetAppContainerNamedObjectPath [0x77667A9E+286]\n   \tRtlGetAppContainerNamedObjectPath [0x77667A6E+238]\n", "test_name": "test_close", "rerun": "0"}}, "suite_name": "test_wulan2.py"}}}, "date": "August 29, 2022", "start_time": 1661704501.6841495, "total_suite": 1, "status": "FAIL", "status_list": {"pass": "0", "fail": "3", "skip": "0", "error": "0", "xpass": "0", "xfail": "0", "rerun": "0"}, "total_tests": "3"}