{"content": {"suites": {"0": {"status": {"total_pass": 0, "total_skip": 0, "total_xpass": 0, "total_xfail": 0, "total_rerun": 0, "total_fail": 3, "total_error": 0}, "tests": {"0": {"status": "FAIL", "message": "   selenium.common.exceptions.InvalidSelectorException: Message: invalid selector: Unable to locate an element with the xpath expression //*[@id title type='submit'] because of the following error:\n   SyntaxError: Failed to execute 'evaluate' on 'Document': The string '//*[@id title type='submit']' is not a valid XPath expression.\n     (Session info: chrome=104.0.5112.102)\n   Stacktrace:\n   Backtrace:\n   \tOrdinal0 [0x004078B3+2193587]\n   \tOrdinal0 [0x003A0681+1771137]\n   \tOrdinal0 [0x002B41A8+803240]\n   \tOrdinal0 [0x002B6BB4+814004]\n   \tOrdinal0 [0x002B6A72+813682]\n   \tOrdinal0 [0x002B6D00+814336]\n   \tOrdinal0 [0x002E21B5+991669]\n   \tOrdinal0 [0x002E273B+993083]\n   \tOrdinal0 [0x0030F7C2+1177538]\n   \tOrdinal0 [0x002FD7F4+1103860]\n   \tOrdinal0 [0x0030DAE2+1170146]\n   \tOrdinal0 [0x002FD5C6+1103302]\n   \tOrdinal0 [0x002D77E0+948192]\n   \tOrdinal0 [0x002D86E6+952038]\n   \tGetHandleVerifier [0x006B0CB2+2738370]\n   \tGetHandleVerifier [0x006A21B8+2678216]\n   \tGetHandleVerifier [0x004917AA+512954]\n   \tGetHandleVerifier [0x00490856+509030]\n   \tOrdinal0 [0x003A743B+1799227]\n   \tOrdinal0 [0x003ABB68+1817448]\n   \tOrdinal0 [0x003ABC55+1817685]\n   \tOrdinal0 [0x003B5230+1856048]\n   \tBaseThreadInitThunk [0x76F7FA29+25]\n   \tRtlGetAppContainerNamedObjectPath [0x77667A9E+286]\n   \tRtlGetAppContainerNamedObjectPath [0x77667A6E+238]\n", "test_name": "test_login[superadmin-asdasdkasd]", "rerun": "0"}, "1": {"status": "FAIL", "message": "   selenium.common.exceptions.InvalidSelectorException: Message: invalid selector: Unable to locate an element with the xpath expression //*[@id title type='submit'] because of the following error:\n   SyntaxError: Failed to execute 'evaluate' on 'Document': The string '//*[@id title type='submit']' is not a valid XPath expression.\n     (Session info: chrome=104.0.5112.102)\n   Stacktrace:\n   Backtrace:\n   \tOrdinal0 [0x004078B3+2193587]\n   \tOrdinal0 [0x003A0681+1771137]\n   \tOrdinal0 [0x002B41A8+803240]\n   \tOrdinal0 [0x002B6BB4+814004]\n   \tOrdinal0 [0x002B6A72+813682]\n   \tOrdinal0 [0x002B6D00+814336]\n   \tOrdinal0 [0x002E21B5+991669]\n   \tOrdinal0 [0x002E273B+993083]\n   \tOrdinal0 [0x0030F7C2+1177538]\n   \tOrdinal0 [0x002FD7F4+1103860]\n   \tOrdinal0 [0x0030DAE2+1170146]\n   \tOrdinal0 [0x002FD5C6+1103302]\n   \tOrdinal0 [0x002D77E0+948192]\n   \tOrdinal0 [0x002D86E6+952038]\n   \tGetHandleVerifier [0x006B0CB2+2738370]\n   \tGetHandleVerifier [0x006A21B8+2678216]\n   \tGetHandleVerifier [0x004917AA+512954]\n   \tGetHandleVerifier [0x00490856+509030]\n   \tOrdinal0 [0x003A743B+1799227]\n   \tOrdinal0 [0x003ABB68+1817448]\n   \tOrdinal0 [0x003ABC55+1817685]\n   \tOrdinal0 [0x003B5230+1856048]\n   \tBaseThreadInitThunk [0x76F7FA29+25]\n   \tRtlGetAppContainerNamedObjectPath [0x77667A9E+286]\n   \tRtlGetAppContainerNamedObjectPath [0x77667A6E+238]\n", "test_name": "test_login[asdajshjd-P@ssw0rd]", "rerun": "0"}, "2": {"status": "FAIL", "message": "   selenium.common.exceptions.InvalidSelectorException: Message: invalid selector: Unable to locate an element with the xpath expression //*[@id title type='submit'] because of the following error:\n   SyntaxError: Failed to execute 'evaluate' on 'Document': The string '//*[@id title type='submit']' is not a valid XPath expression.\n     (Session info: chrome=104.0.5112.102)\n   Stacktrace:\n   Backtrace:\n   \tOrdinal0 [0x004078B3+2193587]\n   \tOrdinal0 [0x003A0681+1771137]\n   \tOrdinal0 [0x002B41A8+803240]\n   \tOrdinal0 [0x002B6BB4+814004]\n   \tOrdinal0 [0x002B6A72+813682]\n   \tOrdinal0 [0x002B6D00+814336]\n   \tOrdinal0 [0x002E21B5+991669]\n   \tOrdinal0 [0x002E273B+993083]\n   \tOrdinal0 [0x0030F7C2+1177538]\n   \tOrdinal0 [0x002FD7F4+1103860]\n   \tOrdinal0 [0x0030DAE2+1170146]\n   \tOrdinal0 [0x002FD5C6+1103302]\n   \tOrdinal0 [0x002D77E0+948192]\n   \tOrdinal0 [0x002D86E6+952038]\n   \tGetHandleVerifier [0x006B0CB2+2738370]\n   \tGetHandleVerifier [0x006A21B8+2678216]\n   \tGetHandleVerifier [0x004917AA+512954]\n   \tGetHandleVerifier [0x00490856+509030]\n   \tOrdinal0 [0x003A743B+1799227]\n   \tOrdinal0 [0x003ABB68+1817448]\n   \tOrdinal0 [0x003ABC55+1817685]\n   \tOrdinal0 [0x003B5230+1856048]\n   \tBaseThreadInitThunk [0x76F7FA29+25]\n   \tRtlGetAppContainerNamedObjectPath [0x77667A9E+286]\n   \tRtlGetAppContainerNamedObjectPath [0x77667A6E+238]\n", "test_name": "test_login[asdfg-asdfg]", "rerun": "0"}}, "suite_name": "test_wulan1.py"}}}, "date": "August 26, 2022", "start_time": 1661529589.3490794, "total_suite": 1, "status": "FAIL", "status_list": {"pass": "0", "fail": "3", "skip": "0", "error": "0", "xpass": "0", "xfail": "0", "rerun": "0"}, "total_tests": "3"}